۲۰۲۲-۰۳-۰۱ ۱۵:۱۶:۰۹,۸۳۲ INFO org.springframework.boot.StartupInfoLogger [restartedMain] Starting FirstSpringBootApplication using Java 11.0.2 on DESKTOP-V463BIO with PID 4256 (C:\Users\mohammad\IdeaProjects\first-spring-boot\target\classes started by mohammad in C:\Users\mohammad\IdeaProjects\first-spring-boot)
۲۰۲۲-۰۳-۰۱ ۱۵:۱۶:۰۹,۸۷۲ INFO org.springframework.boot.SpringApplication [restartedMain] The following profiles are active: dev
۲۰۲۲-۰۳-۰۱ ۱۵:۲۰:۵۷,۵۳۸ INFO org.springframework.boot.StartupInfoLogger [restartedMain] Starting FirstSpringBootApplication using Java 11.0.2 on DESKTOP-V463BIO with PID 5536 (C:\Users\mohammad\IdeaProjects\first-spring-boot\target\classes started by mohammad in C:\Users\mohammad\IdeaProjects\first-spring-boot)
۲۰۲۲-۰۳-۰۱ ۱۵:۲۰:۵۷,۵۵۲ INFO org.springframework.boot.SpringApplication [restartedMain] The following profiles are active: dev
۲۰۲۲-۰۳-۰۱ ۱۵:۴۸:۰۴,۳۹۷ INFO org.springframework.boot.StartupInfoLogger [restartedMain] Starting FirstSpringBootApplication using Java 11.0.2 on DESKTOP-V463BIO with PID 13188 (C:\Users\mohammad\IdeaProjects\first-spring-boot\target\classes started by mohammad in C:\Users\mohammad\IdeaProjects\first-spring-boot)
۲۰۲۲-۰۳-۰۱ ۱۵:۴۸:۰۴,۴۰۲ INFO org.springframework.boot.SpringApplication [restartedMain] The following profiles are active: dev
۲۰۲۲-۰۳-۰۱ ۱۶:۲۲:۱۹,۰۰۶ INFO org.springframework.boot.StartupInfoLogger [restartedMain] Starting FirstSpringBootApplication using Java 11.0.2 on DESKTOP-V463BIO with PID 12084 (C:\Users\mohammad\IdeaProjects\first-spring-boot\target\classes started by mohammad in C:\Users\mohammad\IdeaProjects\first-spring-boot)
۲۰۲۲-۰۳-۰۱ ۱۶:۲۲:۱۹,۰۱۱ INFO org.springframework.boot.SpringApplication [restartedMain] The following profiles are active: dev
۲۰۲۲-۰۳-۰۱ ۱۶:۳۴:۵۴,۹۱۶ INFO org.springframework.boot.StartupInfoLogger [restartedMain] Starting FirstSpringBootApplication using Java 11.0.2 on DESKTOP-V463BIO with PID 4316 (C:\Users\mohammad\IdeaProjects\first-spring-boot\target\classes started by mohammad in C:\Users\mohammad\IdeaProjects\first-spring-boot)
۲۰۲۲-۰۳-۰۱ ۱۶:۳۴:۵۴,۹۲۰ INFO org.springframework.boot.SpringApplication [restartedMain] The following profiles are active: dev
۲۰۲۲-۰۳-۰۱ ۱۶:۵۲:۵۵,۰۱۱ INFO org.springframework.boot.StartupInfoLogger [restartedMain] Starting FirstSpringBootApplication using Java 11.0.2 on DESKTOP-V463BIO with PID 13028 (C:\Users\mohammad\IdeaProjects\first-spring-boot\target\classes started by mohammad in C:\Users\mohammad\IdeaProjects\first-spring-boot)
۲۰۲۲-۰۳-۰۱ ۱۶:۵۲:۵۵,۰۲۴ INFO org.springframework.boot.SpringApplication [restartedMain] The following profiles are active: dev
????-??-?? ??:??:??,??? INFO org.springframework.boot.StartupInfoLogger [main] Starting FirstSpringBootApplicationTests using Java 11.0.2 on DESKTOP-V463BIO with PID 10228 (started by mohammad in C:\Users\mohammad\IdeaProjects\first-spring-boot)
????-??-?? ??:??:??,??? INFO org.springframework.boot.SpringApplication [main] The following profiles are active: dev
????-??-?? ??:??:??,??? INFO org.springframework.boot.StartupInfoLogger [main] Starting AddressServiceTest using Java 11.0.2 on DESKTOP-V463BIO with PID 10228 (started by mohammad in C:\Users\mohammad\IdeaProjects\first-spring-boot)
????-??-?? ??:??:??,??? INFO org.springframework.boot.SpringApplication [main] The following profiles are active: dev
????-??-?? ??:??:??,??? INFO org.springframework.boot.StartupInfoLogger [main] Starting AddressServiceTest using Java 11.0.2 on DESKTOP-V463BIO with PID 10228 (started by mohammad in C:\Users\mohammad\IdeaProjects\first-spring-boot)
????-??-?? ??:??:??,??? INFO org.springframework.boot.SpringApplication [main] The following profiles are active: dev
????-??-?? ??:??:??,??? INFO org.springframework.boot.StartupInfoLogger [main] Starting AddressServiceTest using Java 11.0.2 on DESKTOP-V463BIO with PID 10228 (started by mohammad in C:\Users\mohammad\IdeaProjects\first-spring-boot)
????-??-?? ??:??:??,??? INFO org.springframework.boot.SpringApplication [main] The following profiles are active: dev
????-??-?? ??:??:??,??? INFO org.springframework.boot.StartupInfoLogger [main] Starting AddressServiceTest using Java 11.0.2 on DESKTOP-V463BIO with PID 10228 (started by mohammad in C:\Users\mohammad\IdeaProjects\first-spring-boot)
????-??-?? ??:??:??,??? INFO org.springframework.boot.SpringApplication [main] The following profiles are active: dev
????-??-?? ??:??:??,??? INFO org.springframework.boot.StartupInfoLogger [main] Starting AddressServiceTest using Java 11.0.2 on DESKTOP-V463BIO with PID 10228 (started by mohammad in C:\Users\mohammad\IdeaProjects\first-spring-boot)
????-??-?? ??:??:??,??? INFO org.springframework.boot.SpringApplication [main] The following profiles are active: dev
????-??-?? ??:??:??,??? INFO org.springframework.boot.StartupInfoLogger [main] Starting AddressServiceTest using Java 11.0.2 on DESKTOP-V463BIO with PID 10228 (started by mohammad in C:\Users\mohammad\IdeaProjects\first-spring-boot)
????-??-?? ??:??:??,??? INFO org.springframework.boot.SpringApplication [main] The following profiles are active: dev
????-??-?? ??:??:??,??? INFO org.springframework.boot.StartupInfoLogger [main] Starting AddressServiceTest using Java 11.0.2 on DESKTOP-V463BIO with PID 10228 (started by mohammad in C:\Users\mohammad\IdeaProjects\first-spring-boot)
????-??-?? ??:??:??,??? INFO org.springframework.boot.SpringApplication [main] The following profiles are active: dev
????-??-?? ??:??:??,??? INFO org.springframework.boot.StartupInfoLogger [main] Starting AdminServiceTest using Java 11.0.2 on DESKTOP-V463BIO with PID 10228 (started by mohammad in C:\Users\mohammad\IdeaProjects\first-spring-boot)
????-??-?? ??:??:??,??? INFO org.springframework.boot.SpringApplication [main] The following profiles are active: dev
????-??-?? ??:??:??,??? INFO org.springframework.boot.StartupInfoLogger [main] Starting AdminServiceTest using Java 11.0.2 on DESKTOP-V463BIO with PID 10228 (started by mohammad in C:\Users\mohammad\IdeaProjects\first-spring-boot)
????-??-?? ??:??:??,??? INFO org.springframework.boot.SpringApplication [main] The following profiles are active: dev
????-??-?? ??:??:??,??? INFO org.springframework.boot.StartupInfoLogger [main] Starting AdminServiceTest using Java 11.0.2 on DESKTOP-V463BIO with PID 10228 (started by mohammad in C:\Users\mohammad\IdeaProjects\first-spring-boot)
????-??-?? ??:??:??,??? INFO org.springframework.boot.SpringApplication [main] The following profiles are active: dev
????-??-?? ??:??:??,??? INFO org.springframework.boot.StartupInfoLogger [main] Starting AdminServiceTest using Java 11.0.2 on DESKTOP-V463BIO with PID 10228 (started by mohammad in C:\Users\mohammad\IdeaProjects\first-spring-boot)
????-??-?? ??:??:??,??? INFO org.springframework.boot.SpringApplication [main] The following profiles are active: dev
????-??-?? ??:??:??,??? INFO org.springframework.boot.StartupInfoLogger [main] Starting AdminServiceTest using Java 11.0.2 on DESKTOP-V463BIO with PID 10228 (started by mohammad in C:\Users\mohammad\IdeaProjects\first-spring-boot)
????-??-?? ??:??:??,??? INFO org.springframework.boot.SpringApplication [main] The following profiles are active: dev
????-??-?? ??:??:??,??? INFO org.springframework.boot.StartupInfoLogger [main] Starting AdminServiceTest using Java 11.0.2 on DESKTOP-V463BIO with PID 10228 (started by mohammad in C:\Users\mohammad\IdeaProjects\first-spring-boot)
????-??-?? ??:??:??,??? INFO org.springframework.boot.SpringApplication [main] The following profiles are active: dev
????-??-?? ??:??:??,??? INFO org.springframework.boot.StartupInfoLogger [main] Starting AdminServiceTest using Java 11.0.2 on DESKTOP-V463BIO with PID 10228 (started by mohammad in C:\Users\mohammad\IdeaProjects\first-spring-boot)
????-??-?? ??:??:??,??? INFO org.springframework.boot.SpringApplication [main] The following profiles are active: dev
????-??-?? ??:??:??,??? INFO org.springframework.boot.StartupInfoLogger [main] Starting AdminServiceTest using Java 11.0.2 on DESKTOP-V463BIO with PID 10228 (started by mohammad in C:\Users\mohammad\IdeaProjects\first-spring-boot)
????-??-?? ??:??:??,??? INFO org.springframework.boot.SpringApplication [main] The following profiles are active: dev
????-??-?? ??:??:??,??? INFO org.springframework.boot.StartupInfoLogger [main] Starting AdminServiceTest using Java 11.0.2 on DESKTOP-V463BIO with PID 10228 (started by mohammad in C:\Users\mohammad\IdeaProjects\first-spring-boot)
????-??-?? ??:??:??,??? INFO org.springframework.boot.SpringApplication [main] The following profiles are active: dev
????-??-?? ??:??:??,??? INFO org.springframework.boot.StartupInfoLogger [main] Starting AdminServiceTest using Java 11.0.2 on DESKTOP-V463BIO with PID 10228 (started by mohammad in C:\Users\mohammad\IdeaProjects\first-spring-boot)
????-??-?? ??:??:??,??? INFO org.springframework.boot.SpringApplication [main] The following profiles are active: dev
????-??-?? ??:??:??,??? INFO org.springframework.boot.StartupInfoLogger [main] Starting AdminServiceTest using Java 11.0.2 on DESKTOP-V463BIO with PID 10228 (started by mohammad in C:\Users\mohammad\IdeaProjects\first-spring-boot)
????-??-?? ??:??:??,??? INFO org.springframework.boot.SpringApplication [main] The following profiles are active: dev
????-??-?? ??:??:??,??? INFO org.springframework.boot.StartupInfoLogger [main] Starting AdminServiceTest using Java 11.0.2 on DESKTOP-V463BIO with PID 10228 (started by mohammad in C:\Users\mohammad\IdeaProjects\first-spring-boot)
????-??-?? ??:??:??,??? INFO org.springframework.boot.SpringApplication [main] The following profiles are active: dev
????-??-?? ??:??:??,??? INFO org.springframework.boot.StartupInfoLogger [main] Starting AdminServiceTest using Java 11.0.2 on DESKTOP-V463BIO with PID 10228 (started by mohammad in C:\Users\mohammad\IdeaProjects\first-spring-boot)
????-??-?? ??:??:??,??? INFO org.springframework.boot.SpringApplication [main] The following profiles are active: dev
????-??-?? ??:??:??,??? INFO org.springframework.boot.StartupInfoLogger [main] Starting AdminServiceTest using Java 11.0.2 on DESKTOP-V463BIO with PID 10228 (started by mohammad in C:\Users\mohammad\IdeaProjects\first-spring-boot)
????-??-?? ??:??:??,??? INFO org.springframework.boot.SpringApplication [main] The following profiles are active: dev
????-??-?? ??:??:??,??? INFO org.springframework.boot.StartupInfoLogger [main] Starting AdminServiceTest using Java 11.0.2 on DESKTOP-V463BIO with PID 10228 (started by mohammad in C:\Users\mohammad\IdeaProjects\first-spring-boot)
????-??-?? ??:??:??,??? INFO org.springframework.boot.SpringApplication [main] The following profiles are active: dev
????-??-?? ??:??:??,??? INFO org.springframework.boot.StartupInfoLogger [main] Starting AdminServiceTest using Java 11.0.2 on DESKTOP-V463BIO with PID 10228 (started by mohammad in C:\Users\mohammad\IdeaProjects\first-spring-boot)
????-??-?? ??:??:??,??? INFO org.springframework.boot.SpringApplication [main] The following profiles are active: dev
????-??-?? ??:??:??,??? INFO org.springframework.boot.StartupInfoLogger [main] Starting CustomerServiceImplTest using Java 11.0.2 on DESKTOP-V463BIO with PID 10228 (started by mohammad in C:\Users\mohammad\IdeaProjects\first-spring-boot)
????-??-?? ??:??:??,??? INFO org.springframework.boot.SpringApplication [main] The following profiles are active: dev
????-??-?? ??:??:??,??? INFO org.springframework.boot.StartupInfoLogger [main] Starting CustomerServiceImplTest using Java 11.0.2 on DESKTOP-V463BIO with PID 10228 (started by mohammad in C:\Users\mohammad\IdeaProjects\first-spring-boot)
????-??-?? ??:??:??,??? INFO org.springframework.boot.SpringApplication [main] The following profiles are active: dev
????-??-?? ??:??:??,??? INFO org.springframework.boot.StartupInfoLogger [main] Starting CustomerServiceImplTest using Java 11.0.2 on DESKTOP-V463BIO with PID 10228 (started by mohammad in C:\Users\mohammad\IdeaProjects\first-spring-boot)
????-??-?? ??:??:??,??? INFO org.springframework.boot.SpringApplication [main] The following profiles are active: dev
????-??-?? ??:??:??,??? INFO org.springframework.boot.StartupInfoLogger [main] Starting CustomerServiceImplTest using Java 11.0.2 on DESKTOP-V463BIO with PID 10228 (started by mohammad in C:\Users\mohammad\IdeaProjects\first-spring-boot)
????-??-?? ??:??:??,??? INFO org.springframework.boot.SpringApplication [main] The following profiles are active: dev
????-??-?? ??:??:??,??? INFO org.springframework.boot.StartupInfoLogger [main] Starting CustomerServiceImplTest using Java 11.0.2 on DESKTOP-V463BIO with PID 10228 (started by mohammad in C:\Users\mohammad\IdeaProjects\first-spring-boot)
????-??-?? ??:??:??,??? INFO org.springframework.boot.SpringApplication [main] The following profiles are active: dev
????-??-?? ??:??:??,??? INFO org.springframework.boot.StartupInfoLogger [main] Starting HomeServiceOfferServiceTest using Java 11.0.2 on DESKTOP-V463BIO with PID 10228 (started by mohammad in C:\Users\mohammad\IdeaProjects\first-spring-boot)
????-??-?? ??:??:??,??? INFO org.springframework.boot.SpringApplication [main] The following profiles are active: dev
????-??-?? ??:??:??,??? INFO org.springframework.boot.StartupInfoLogger [main] Starting HomeServiceOfferServiceTest using Java 11.0.2 on DESKTOP-V463BIO with PID 10228 (started by mohammad in C:\Users\mohammad\IdeaProjects\first-spring-boot)
????-??-?? ??:??:??,??? INFO org.springframework.boot.SpringApplication [main] The following profiles are active: dev
????-??-?? ??:??:??,??? INFO org.springframework.boot.StartupInfoLogger [main] Starting HomeServiceOfferServiceTest using Java 11.0.2 on DESKTOP-V463BIO with PID 10228 (started by mohammad in C:\Users\mohammad\IdeaProjects\first-spring-boot)
????-??-?? ??:??:??,??? INFO org.springframework.boot.SpringApplication [main] The following profiles are active: dev
????-??-?? ??:??:??,??? INFO org.springframework.boot.StartupInfoLogger [main] Starting HomeServiceOfferServiceTest using Java 11.0.2 on DESKTOP-V463BIO with PID 10228 (started by mohammad in C:\Users\mohammad\IdeaProjects\first-spring-boot)
????-??-?? ??:??:??,??? INFO org.springframework.boot.SpringApplication [main] The following profiles are active: dev
????-??-?? ??:??:??,??? INFO org.springframework.boot.StartupInfoLogger [main] Starting HomeServiceOfferServiceTest using Java 11.0.2 on DESKTOP-V463BIO with PID 10228 (started by mohammad in C:\Users\mohammad\IdeaProjects\first-spring-boot)
????-??-?? ??:??:??,??? INFO org.springframework.boot.SpringApplication [main] The following profiles are active: dev
????-??-?? ??:??:??,??? INFO org.springframework.boot.StartupInfoLogger [main] Starting HomeServiceOfferServiceTest using Java 11.0.2 on DESKTOP-V463BIO with PID 10228 (started by mohammad in C:\Users\mohammad\IdeaProjects\first-spring-boot)
????-??-?? ??:??:??,??? INFO org.springframework.boot.SpringApplication [main] The following profiles are active: dev
????-??-?? ??:??:??,??? INFO org.springframework.boot.StartupInfoLogger [main] Starting HomeServiceOrderServiceTest using Java 11.0.2 on DESKTOP-V463BIO with PID 10228 (started by mohammad in C:\Users\mohammad\IdeaProjects\first-spring-boot)
????-??-?? ??:??:??,??? INFO org.springframework.boot.SpringApplication [main] The following profiles are active: dev
????-??-?? ??:??:??,??? INFO org.springframework.boot.StartupInfoLogger [main] Starting HomeServiceOrderServiceTest using Java 11.0.2 on DESKTOP-V463BIO with PID 10228 (started by mohammad in C:\Users\mohammad\IdeaProjects\first-spring-boot)
????-??-?? ??:??:??,??? INFO org.springframework.boot.SpringApplication [main] The following profiles are active: dev
????-??-?? ??:??:??,??? INFO org.springframework.boot.StartupInfoLogger [main] Starting HomeServiceOrderServiceTest using Java 11.0.2 on DESKTOP-V463BIO with PID 10228 (started by mohammad in C:\Users\mohammad\IdeaProjects\first-spring-boot)
????-??-?? ??:??:??,??? INFO org.springframework.boot.SpringApplication [main] The following profiles are active: dev
????-??-?? ??:??:??,??? INFO org.springframework.boot.StartupInfoLogger [main] Starting HomeServiceOrderServiceTest using Java 11.0.2 on DESKTOP-V463BIO with PID 10228 (started by mohammad in C:\Users\mohammad\IdeaProjects\first-spring-boot)
????-??-?? ??:??:??,??? INFO org.springframework.boot.SpringApplication [main] The following profiles are active: dev
????-??-?? ??:??:??,??? INFO org.springframework.boot.StartupInfoLogger [main] Starting MainCategoryServiceTest using Java 11.0.2 on DESKTOP-V463BIO with PID 10228 (started by mohammad in C:\Users\mohammad\IdeaProjects\first-spring-boot)
????-??-?? ??:??:??,??? INFO org.springframework.boot.SpringApplication [main] The following profiles are active: dev
????-??-?? ??:??:??,??? INFO org.springframework.boot.StartupInfoLogger [main] Starting MainCategoryServiceTest using Java 11.0.2 on DESKTOP-V463BIO with PID 10228 (started by mohammad in C:\Users\mohammad\IdeaProjects\first-spring-boot)
????-??-?? ??:??:??,??? INFO org.springframework.boot.SpringApplication [main] The following profiles are active: dev
????-??-?? ??:??:??,??? INFO org.springframework.boot.StartupInfoLogger [main] Starting MainCategoryServiceTest using Java 11.0.2 on DESKTOP-V463BIO with PID 10228 (started by mohammad in C:\Users\mohammad\IdeaProjects\first-spring-boot)
????-??-?? ??:??:??,??? INFO org.springframework.boot.SpringApplication [main] The following profiles are active: dev
????-??-?? ??:??:??,??? INFO org.springframework.boot.StartupInfoLogger [main] Starting MainCategoryServiceTest using Java 11.0.2 on DESKTOP-V463BIO with PID 10228 (started by mohammad in C:\Users\mohammad\IdeaProjects\first-spring-boot)
????-??-?? ??:??:??,??? INFO org.springframework.boot.SpringApplication [main] The following profiles are active: dev
????-??-?? ??:??:??,??? INFO org.springframework.boot.StartupInfoLogger [main] Starting ProficientServiceTest using Java 11.0.2 on DESKTOP-V463BIO with PID 10228 (started by mohammad in C:\Users\mohammad\IdeaProjects\first-spring-boot)
????-??-?? ??:??:??,??? INFO org.springframework.boot.SpringApplication [main] The following profiles are active: dev
????-??-?? ??:??:??,??? INFO org.springframework.boot.StartupInfoLogger [main] Starting ProficientServiceTest using Java 11.0.2 on DESKTOP-V463BIO with PID 10228 (started by mohammad in C:\Users\mohammad\IdeaProjects\first-spring-boot)
????-??-?? ??:??:??,??? INFO org.springframework.boot.SpringApplication [main] The following profiles are active: dev
????-??-?? ??:??:??,??? INFO org.springframework.boot.StartupInfoLogger [main] Starting ProficientServiceTest using Java 11.0.2 on DESKTOP-V463BIO with PID 10228 (started by mohammad in C:\Users\mohammad\IdeaProjects\first-spring-boot)
????-??-?? ??:??:??,??? INFO org.springframework.boot.SpringApplication [main] The following profiles are active: dev
????-??-?? ??:??:??,??? INFO org.springframework.boot.StartupInfoLogger [main] Starting ProficientServiceTest using Java 11.0.2 on DESKTOP-V463BIO with PID 10228 (started by mohammad in C:\Users\mohammad\IdeaProjects\first-spring-boot)
????-??-?? ??:??:??,??? INFO org.springframework.boot.SpringApplication [main] The following profiles are active: dev
????-??-?? ??:??:??,??? INFO org.springframework.boot.StartupInfoLogger [main] Starting ProficientServiceTest using Java 11.0.2 on DESKTOP-V463BIO with PID 10228 (started by mohammad in C:\Users\mohammad\IdeaProjects\first-spring-boot)
????-??-?? ??:??:??,??? INFO org.springframework.boot.SpringApplication [main] The following profiles are active: dev
????-??-?? ??:??:??,??? INFO org.springframework.boot.StartupInfoLogger [main] Starting ProficientServiceTest using Java 11.0.2 on DESKTOP-V463BIO with PID 10228 (started by mohammad in C:\Users\mohammad\IdeaProjects\first-spring-boot)
????-??-?? ??:??:??,??? INFO org.springframework.boot.SpringApplication [main] The following profiles are active: dev
????-??-?? ??:??:??,??? INFO org.springframework.boot.StartupInfoLogger [main] Starting ReviewServiceTest using Java 11.0.2 on DESKTOP-V463BIO with PID 10228 (started by mohammad in C:\Users\mohammad\IdeaProjects\first-spring-boot)
????-??-?? ??:??:??,??? INFO org.springframework.boot.SpringApplication [main] The following profiles are active: dev
????-??-?? ??:??:??,??? INFO org.springframework.boot.StartupInfoLogger [main] Starting SubCategoryServiceTest using Java 11.0.2 on DESKTOP-V463BIO with PID 10228 (started by mohammad in C:\Users\mohammad\IdeaProjects\first-spring-boot)
????-??-?? ??:??:??,??? INFO org.springframework.boot.SpringApplication [main] The following profiles are active: dev
????-??-?? ??:??:??,??? INFO org.springframework.boot.StartupInfoLogger [main] Starting SubCategoryServiceTest using Java 11.0.2 on DESKTOP-V463BIO with PID 10228 (started by mohammad in C:\Users\mohammad\IdeaProjects\first-spring-boot)
????-??-?? ??:??:??,??? INFO org.springframework.boot.SpringApplication [main] The following profiles are active: dev
????-??-?? ??:??:??,??? INFO org.springframework.boot.StartupInfoLogger [main] Starting SubCategoryServiceTest using Java 11.0.2 on DESKTOP-V463BIO with PID 10228 (started by mohammad in C:\Users\mohammad\IdeaProjects\first-spring-boot)
????-??-?? ??:??:??,??? INFO org.springframework.boot.SpringApplication [main] The following profiles are active: dev
????-??-?? ??:??:??,??? INFO org.springframework.boot.StartupInfoLogger [main] Starting SubCategoryServiceTest using Java 11.0.2 on DESKTOP-V463BIO with PID 10228 (started by mohammad in C:\Users\mohammad\IdeaProjects\first-spring-boot)
????-??-?? ??:??:??,??? INFO org.springframework.boot.SpringApplication [main] The following profiles are active: dev
????-??-?? ??:??:??,??? INFO org.springframework.boot.StartupInfoLogger [main] Starting TransactionServiceTest using Java 11.0.2 on DESKTOP-V463BIO with PID 10228 (started by mohammad in C:\Users\mohammad\IdeaProjects\first-spring-boot)
????-??-?? ??:??:??,??? INFO org.springframework.boot.SpringApplication [main] The following profiles are active: dev
۲۰۲۲-۰۳-۰۱ ۱۶:۵۷:۲۷,۷۱۸ INFO org.springframework.boot.StartupInfoLogger [restartedMain] Starting FirstSpringBootApplication using Java 11.0.2 on DESKTOP-V463BIO with PID 7696 (C:\Users\mohammad\IdeaProjects\first-spring-boot\target\classes started by mohammad in C:\Users\mohammad\IdeaProjects\first-spring-boot)
۲۰۲۲-۰۳-۰۱ ۱۶:۵۷:۲۷,۷۲۱ INFO org.springframework.boot.SpringApplication [restartedMain] The following profiles are active: dev
????-??-?? ??:??:??,??? INFO org.springframework.boot.StartupInfoLogger [main] Starting FirstSpringBootApplicationTests using Java 11.0.2 on DESKTOP-V463BIO with PID 968 (started by mohammad in C:\Users\mohammad\IdeaProjects\first-spring-boot)
????-??-?? ??:??:??,??? INFO org.springframework.boot.SpringApplication [main] The following profiles are active: dev
????-??-?? ??:??:??,??? INFO org.springframework.boot.StartupInfoLogger [main] Starting AddressServiceTest using Java 11.0.2 on DESKTOP-V463BIO with PID 968 (started by mohammad in C:\Users\mohammad\IdeaProjects\first-spring-boot)
????-??-?? ??:??:??,??? INFO org.springframework.boot.SpringApplication [main] The following profiles are active: dev
????-??-?? ??:??:??,??? INFO org.springframework.boot.StartupInfoLogger [main] Starting AddressServiceTest using Java 11.0.2 on DESKTOP-V463BIO with PID 968 (started by mohammad in C:\Users\mohammad\IdeaProjects\first-spring-boot)
????-??-?? ??:??:??,??? INFO org.springframework.boot.SpringApplication [main] The following profiles are active: dev
????-??-?? ??:??:??,??? INFO org.springframework.boot.StartupInfoLogger [main] Starting AddressServiceTest using Java 11.0.2 on DESKTOP-V463BIO with PID 968 (started by mohammad in C:\Users\mohammad\IdeaProjects\first-spring-boot)
????-??-?? ??:??:??,??? INFO org.springframework.boot.SpringApplication [main] The following profiles are active: dev
????-??-?? ??:??:??,??? INFO org.springframework.boot.StartupInfoLogger [main] Starting AddressServiceTest using Java 11.0.2 on DESKTOP-V463BIO with PID 968 (started by mohammad in C:\Users\mohammad\IdeaProjects\first-spring-boot)
????-??-?? ??:??:??,??? INFO org.springframework.boot.SpringApplication [main] The following profiles are active: dev
????-??-?? ??:??:??,??? INFO org.springframework.boot.StartupInfoLogger [main] Starting AddressServiceTest using Java 11.0.2 on DESKTOP-V463BIO with PID 968 (started by mohammad in C:\Users\mohammad\IdeaProjects\first-spring-boot)
????-??-?? ??:??:??,??? INFO org.springframework.boot.SpringApplication [main] The following profiles are active: dev
????-??-?? ??:??:??,??? INFO org.springframework.boot.StartupInfoLogger [main] Starting AddressServiceTest using Java 11.0.2 on DESKTOP-V463BIO with PID 968 (started by mohammad in C:\Users\mohammad\IdeaProjects\first-spring-boot)
????-??-?? ??:??:??,??? INFO org.springframework.boot.SpringApplication [main] The following profiles are active: dev
????-??-?? ??:??:??,??? INFO org.springframework.boot.StartupInfoLogger [main] Starting AddressServiceTest using Java 11.0.2 on DESKTOP-V463BIO with PID 968 (started by mohammad in C:\Users\mohammad\IdeaProjects\first-spring-boot)
????-??-?? ??:??:??,??? INFO org.springframework.boot.SpringApplication [main] The following profiles are active: dev
????-??-?? ??:??:??,??? INFO org.springframework.boot.StartupInfoLogger [main] Starting AdminServiceTest using Java 11.0.2 on DESKTOP-V463BIO with PID 968 (started by mohammad in C:\Users\mohammad\IdeaProjects\first-spring-boot)
????-??-?? ??:??:??,??? INFO org.springframework.boot.SpringApplication [main] The following profiles are active: dev
????-??-?? ??:??:??,??? INFO org.springframework.boot.StartupInfoLogger [main] Starting AdminServiceTest using Java 11.0.2 on DESKTOP-V463BIO with PID 968 (started by mohammad in C:\Users\mohammad\IdeaProjects\first-spring-boot)
????-??-?? ??:??:??,??? INFO org.springframework.boot.SpringApplication [main] The following profiles are active: dev
????-??-?? ??:??:??,??? INFO org.springframework.boot.StartupInfoLogger [main] Starting AdminServiceTest using Java 11.0.2 on DESKTOP-V463BIO with PID 968 (started by mohammad in C:\Users\mohammad\IdeaProjects\first-spring-boot)
????-??-?? ??:??:??,??? INFO org.springframework.boot.SpringApplication [main] The following profiles are active: dev
????-??-?? ??:??:??,??? INFO org.springframework.boot.StartupInfoLogger [main] Starting AdminServiceTest using Java 11.0.2 on DESKTOP-V463BIO with PID 968 (started by mohammad in C:\Users\mohammad\IdeaProjects\first-spring-boot)
????-??-?? ??:??:??,??? INFO org.springframework.boot.SpringApplication [main] The following profiles are active: dev
????-??-?? ??:??:??,??? INFO org.springframework.boot.StartupInfoLogger [main] Starting AdminServiceTest using Java 11.0.2 on DESKTOP-V463BIO with PID 968 (started by mohammad in C:\Users\mohammad\IdeaProjects\first-spring-boot)
????-??-?? ??:??:??,??? INFO org.springframework.boot.SpringApplication [main] The following profiles are active: dev
????-??-?? ??:??:??,??? INFO org.springframework.boot.StartupInfoLogger [main] Starting AdminServiceTest using Java 11.0.2 on DESKTOP-V463BIO with PID 968 (started by mohammad in C:\Users\mohammad\IdeaProjects\first-spring-boot)
????-??-?? ??:??:??,??? INFO org.springframework.boot.SpringApplication [main] The following profiles are active: dev
????-??-?? ??:??:??,??? INFO org.springframework.boot.StartupInfoLogger [main] Starting AdminServiceTest using Java 11.0.2 on DESKTOP-V463BIO with PID 968 (started by mohammad in C:\Users\mohammad\IdeaProjects\first-spring-boot)
????-??-?? ??:??:??,??? INFO org.springframework.boot.SpringApplication [main] The following profiles are active: dev
????-??-?? ??:??:??,??? INFO org.springframework.boot.StartupInfoLogger [main] Starting AdminServiceTest using Java 11.0.2 on DESKTOP-V463BIO with PID 968 (started by mohammad in C:\Users\mohammad\IdeaProjects\first-spring-boot)
????-??-?? ??:??:??,??? INFO org.springframework.boot.SpringApplication [main] The following profiles are active: dev
????-??-?? ??:??:??,??? INFO org.springframework.boot.StartupInfoLogger [main] Starting AdminServiceTest using Java 11.0.2 on DESKTOP-V463BIO with PID 968 (started by mohammad in C:\Users\mohammad\IdeaProjects\first-spring-boot)
????-??-?? ??:??:??,??? INFO org.springframework.boot.SpringApplication [main] The following profiles are active: dev
????-??-?? ??:??:??,??? INFO org.springframework.boot.StartupInfoLogger [main] Starting AdminServiceTest using Java 11.0.2 on DESKTOP-V463BIO with PID 968 (started by mohammad in C:\Users\mohammad\IdeaProjects\first-spring-boot)
????-??-?? ??:??:??,??? INFO org.springframework.boot.SpringApplication [main] The following profiles are active: dev
????-??-?? ??:??:??,??? INFO org.springframework.boot.StartupInfoLogger [main] Starting AdminServiceTest using Java 11.0.2 on DESKTOP-V463BIO with PID 968 (started by mohammad in C:\Users\mohammad\IdeaProjects\first-spring-boot)
????-??-?? ??:??:??,??? INFO org.springframework.boot.SpringApplication [main] The following profiles are active: dev
????-??-?? ??:??:??,??? INFO org.springframework.boot.StartupInfoLogger [main] Starting AdminServiceTest using Java 11.0.2 on DESKTOP-V463BIO with PID 968 (started by mohammad in C:\Users\mohammad\IdeaProjects\first-spring-boot)
????-??-?? ??:??:??,??? INFO org.springframework.boot.SpringApplication [main] The following profiles are active: dev
????-??-?? ??:??:??,??? INFO org.springframework.boot.StartupInfoLogger [main] Starting AdminServiceTest using Java 11.0.2 on DESKTOP-V463BIO with PID 968 (started by mohammad in C:\Users\mohammad\IdeaProjects\first-spring-boot)
????-??-?? ??:??:??,??? INFO org.springframework.boot.SpringApplication [main] The following profiles are active: dev
????-??-?? ??:??:??,??? INFO org.springframework.boot.StartupInfoLogger [main] Starting AdminServiceTest using Java 11.0.2 on DESKTOP-V463BIO with PID 968 (started by mohammad in C:\Users\mohammad\IdeaProjects\first-spring-boot)
????-??-?? ??:??:??,??? INFO org.springframework.boot.SpringApplication [main] The following profiles are active: dev
????-??-?? ??:??:??,??? INFO org.springframework.boot.StartupInfoLogger [main] Starting AdminServiceTest using Java 11.0.2 on DESKTOP-V463BIO with PID 968 (started by mohammad in C:\Users\mohammad\IdeaProjects\first-spring-boot)
????-??-?? ??:??:??,??? INFO org.springframework.boot.SpringApplication [main] The following profiles are active: dev
????-??-?? ??:??:??,??? INFO org.springframework.boot.StartupInfoLogger [main] Starting AdminServiceTest using Java 11.0.2 on DESKTOP-V463BIO with PID 968 (started by mohammad in C:\Users\mohammad\IdeaProjects\first-spring-boot)
????-??-?? ??:??:??,??? INFO org.springframework.boot.SpringApplication [main] The following profiles are active: dev
????-??-?? ??:??:??,??? INFO org.springframework.boot.StartupInfoLogger [main] Starting CustomerServiceImplTest using Java 11.0.2 on DESKTOP-V463BIO with PID 968 (started by mohammad in C:\Users\mohammad\IdeaProjects\first-spring-boot)
????-??-?? ??:??:??,??? INFO org.springframework.boot.SpringApplication [main] The following profiles are active: dev
????-??-?? ??:??:??,??? INFO org.springframework.boot.StartupInfoLogger [main] Starting CustomerServiceImplTest using Java 11.0.2 on DESKTOP-V463BIO with PID 968 (started by mohammad in C:\Users\mohammad\IdeaProjects\first-spring-boot)
????-??-?? ??:??:??,??? INFO org.springframework.boot.SpringApplication [main] The following profiles are active: dev
????-??-?? ??:??:??,??? INFO org.springframework.boot.StartupInfoLogger [main] Starting CustomerServiceImplTest using Java 11.0.2 on DESKTOP-V463BIO with PID 968 (started by mohammad in C:\Users\mohammad\IdeaProjects\first-spring-boot)
????-??-?? ??:??:??,??? INFO org.springframework.boot.SpringApplication [main] The following profiles are active: dev
????-??-?? ??:??:??,??? INFO org.springframework.boot.StartupInfoLogger [main] Starting CustomerServiceImplTest using Java 11.0.2 on DESKTOP-V463BIO with PID 968 (started by mohammad in C:\Users\mohammad\IdeaProjects\first-spring-boot)
????-??-?? ??:??:??,??? INFO org.springframework.boot.SpringApplication [main] The following profiles are active: dev
????-??-?? ??:??:??,??? INFO org.springframework.boot.StartupInfoLogger [main] Starting CustomerServiceImplTest using Java 11.0.2 on DESKTOP-V463BIO with PID 968 (started by mohammad in C:\Users\mohammad\IdeaProjects\first-spring-boot)
????-??-?? ??:??:??,??? INFO org.springframework.boot.SpringApplication [main] The following profiles are active: dev
????-??-?? ??:??:??,??? INFO org.springframework.boot.StartupInfoLogger [main] Starting HomeServiceOfferServiceTest using Java 11.0.2 on DESKTOP-V463BIO with PID 968 (started by mohammad in C:\Users\mohammad\IdeaProjects\first-spring-boot)
????-??-?? ??:??:??,??? INFO org.springframework.boot.SpringApplication [main] The following profiles are active: dev
????-??-?? ??:??:??,??? INFO org.springframework.boot.StartupInfoLogger [main] Starting HomeServiceOfferServiceTest using Java 11.0.2 on DESKTOP-V463BIO with PID 968 (started by mohammad in C:\Users\mohammad\IdeaProjects\first-spring-boot)
????-??-?? ??:??:??,??? INFO org.springframework.boot.SpringApplication [main] The following profiles are active: dev
????-??-?? ??:??:??,??? INFO org.springframework.boot.StartupInfoLogger [main] Starting HomeServiceOfferServiceTest using Java 11.0.2 on DESKTOP-V463BIO with PID 968 (started by mohammad in C:\Users\mohammad\IdeaProjects\first-spring-boot)
????-??-?? ??:??:??,??? INFO org.springframework.boot.SpringApplication [main] The following profiles are active: dev
????-??-?? ??:??:??,??? INFO org.springframework.boot.StartupInfoLogger [main] Starting HomeServiceOfferServiceTest using Java 11.0.2 on DESKTOP-V463BIO with PID 968 (started by mohammad in C:\Users\mohammad\IdeaProjects\first-spring-boot)
????-??-?? ??:??:??,??? INFO org.springframework.boot.SpringApplication [main] The following profiles are active: dev
????-??-?? ??:??:??,??? INFO org.springframework.boot.StartupInfoLogger [main] Starting HomeServiceOfferServiceTest using Java 11.0.2 on DESKTOP-V463BIO with PID 968 (started by mohammad in C:\Users\mohammad\IdeaProjects\first-spring-boot)
????-??-?? ??:??:??,??? INFO org.springframework.boot.SpringApplication [main] The following profiles are active: dev
????-??-?? ??:??:??,??? INFO org.springframework.boot.StartupInfoLogger [main] Starting HomeServiceOfferServiceTest using Java 11.0.2 on DESKTOP-V463BIO with PID 968 (started by mohammad in C:\Users\mohammad\IdeaProjects\first-spring-boot)
????-??-?? ??:??:??,??? INFO org.springframework.boot.SpringApplication [main] The following profiles are active: dev
????-??-?? ??:??:??,??? INFO org.springframework.boot.StartupInfoLogger [main] Starting HomeServiceOrderServiceTest using Java 11.0.2 on DESKTOP-V463BIO with PID 968 (started by mohammad in C:\Users\mohammad\IdeaProjects\first-spring-boot)
????-??-?? ??:??:??,??? INFO org.springframework.boot.SpringApplication [main] The following profiles are active: dev
????-??-?? ??:??:??,??? INFO org.springframework.boot.StartupInfoLogger [main] Starting HomeServiceOrderServiceTest using Java 11.0.2 on DESKTOP-V463BIO with PID 968 (started by mohammad in C:\Users\mohammad\IdeaProjects\first-spring-boot)
????-??-?? ??:??:??,??? INFO org.springframework.boot.SpringApplication [main] The following profiles are active: dev
????-??-?? ??:??:??,??? INFO org.springframework.boot.StartupInfoLogger [main] Starting HomeServiceOrderServiceTest using Java 11.0.2 on DESKTOP-V463BIO with PID 968 (started by mohammad in C:\Users\mohammad\IdeaProjects\first-spring-boot)
????-??-?? ??:??:??,??? INFO org.springframework.boot.SpringApplication [main] The following profiles are active: dev
????-??-?? ??:??:??,??? INFO org.springframework.boot.StartupInfoLogger [main] Starting HomeServiceOrderServiceTest using Java 11.0.2 on DESKTOP-V463BIO with PID 968 (started by mohammad in C:\Users\mohammad\IdeaProjects\first-spring-boot)
????-??-?? ??:??:??,??? INFO org.springframework.boot.SpringApplication [main] The following profiles are active: dev
????-??-?? ??:??:??,??? INFO org.springframework.boot.StartupInfoLogger [main] Starting MainCategoryServiceTest using Java 11.0.2 on DESKTOP-V463BIO with PID 968 (started by mohammad in C:\Users\mohammad\IdeaProjects\first-spring-boot)
????-??-?? ??:??:??,??? INFO org.springframework.boot.SpringApplication [main] The following profiles are active: dev
????-??-?? ??:??:??,??? INFO org.springframework.boot.StartupInfoLogger [main] Starting MainCategoryServiceTest using Java 11.0.2 on DESKTOP-V463BIO with PID 968 (started by mohammad in C:\Users\mohammad\IdeaProjects\first-spring-boot)
????-??-?? ??:??:??,??? INFO org.springframework.boot.SpringApplication [main] The following profiles are active: dev
????-??-?? ??:??:??,??? INFO org.springframework.boot.StartupInfoLogger [main] Starting MainCategoryServiceTest using Java 11.0.2 on DESKTOP-V463BIO with PID 968 (started by mohammad in C:\Users\mohammad\IdeaProjects\first-spring-boot)
????-??-?? ??:??:??,??? INFO org.springframework.boot.SpringApplication [main] The following profiles are active: dev
????-??-?? ??:??:??,??? INFO org.springframework.boot.StartupInfoLogger [main] Starting MainCategoryServiceTest using Java 11.0.2 on DESKTOP-V463BIO with PID 968 (started by mohammad in C:\Users\mohammad\IdeaProjects\first-spring-boot)
????-??-?? ??:??:??,??? INFO org.springframework.boot.SpringApplication [main] The following profiles are active: dev
????-??-?? ??:??:??,??? INFO org.springframework.boot.StartupInfoLogger [main] Starting ProficientServiceTest using Java 11.0.2 on DESKTOP-V463BIO with PID 968 (started by mohammad in C:\Users\mohammad\IdeaProjects\first-spring-boot)
????-??-?? ??:??:??,??? INFO org.springframework.boot.SpringApplication [main] The following profiles are active: dev
????-??-?? ??:??:??,??? INFO org.springframework.boot.StartupInfoLogger [main] Starting ProficientServiceTest using Java 11.0.2 on DESKTOP-V463BIO with PID 968 (started by mohammad in C:\Users\mohammad\IdeaProjects\first-spring-boot)
????-??-?? ??:??:??,??? INFO org.springframework.boot.SpringApplication [main] The following profiles are active: dev
????-??-?? ??:??:??,??? INFO org.springframework.boot.StartupInfoLogger [main] Starting ProficientServiceTest using Java 11.0.2 on DESKTOP-V463BIO with PID 968 (started by mohammad in C:\Users\mohammad\IdeaProjects\first-spring-boot)
????-??-?? ??:??:??,??? INFO org.springframework.boot.SpringApplication [main] The following profiles are active: dev
????-??-?? ??:??:??,??? INFO org.springframework.boot.StartupInfoLogger [main] Starting ProficientServiceTest using Java 11.0.2 on DESKTOP-V463BIO with PID 968 (started by mohammad in C:\Users\mohammad\IdeaProjects\first-spring-boot)
????-??-?? ??:??:??,??? INFO org.springframework.boot.SpringApplication [main] The following profiles are active: dev
????-??-?? ??:??:??,??? INFO org.springframework.boot.StartupInfoLogger [main] Starting ProficientServiceTest using Java 11.0.2 on DESKTOP-V463BIO with PID 968 (started by mohammad in C:\Users\mohammad\IdeaProjects\first-spring-boot)
????-??-?? ??:??:??,??? INFO org.springframework.boot.SpringApplication [main] The following profiles are active: dev
????-??-?? ??:??:??,??? INFO org.springframework.boot.StartupInfoLogger [main] Starting ProficientServiceTest using Java 11.0.2 on DESKTOP-V463BIO with PID 968 (started by mohammad in C:\Users\mohammad\IdeaProjects\first-spring-boot)
????-??-?? ??:??:??,??? INFO org.springframework.boot.SpringApplication [main] The following profiles are active: dev
????-??-?? ??:??:??,??? INFO org.springframework.boot.StartupInfoLogger [main] Starting ReviewServiceTest using Java 11.0.2 on DESKTOP-V463BIO with PID 968 (started by mohammad in C:\Users\mohammad\IdeaProjects\first-spring-boot)
????-??-?? ??:??:??,??? INFO org.springframework.boot.SpringApplication [main] The following profiles are active: dev
????-??-?? ??:??:??,??? INFO org.springframework.boot.StartupInfoLogger [main] Starting SubCategoryServiceTest using Java 11.0.2 on DESKTOP-V463BIO with PID 968 (started by mohammad in C:\Users\mohammad\IdeaProjects\first-spring-boot)
????-??-?? ??:??:??,??? INFO org.springframework.boot.SpringApplication [main] The following profiles are active: dev
????-??-?? ??:??:??,??? INFO org.springframework.boot.StartupInfoLogger [main] Starting SubCategoryServiceTest using Java 11.0.2 on DESKTOP-V463BIO with PID 968 (started by mohammad in C:\Users\mohammad\IdeaProjects\first-spring-boot)
????-??-?? ??:??:??,??? INFO org.springframework.boot.SpringApplication [main] The following profiles are active: dev
????-??-?? ??:??:??,??? INFO org.springframework.boot.StartupInfoLogger [main] Starting SubCategoryServiceTest using Java 11.0.2 on DESKTOP-V463BIO with PID 968 (started by mohammad in C:\Users\mohammad\IdeaProjects\first-spring-boot)
????-??-?? ??:??:??,??? INFO org.springframework.boot.SpringApplication [main] The following profiles are active: dev
????-??-?? ??:??:??,??? INFO org.springframework.boot.StartupInfoLogger [main] Starting SubCategoryServiceTest using Java 11.0.2 on DESKTOP-V463BIO with PID 968 (started by mohammad in C:\Users\mohammad\IdeaProjects\first-spring-boot)
????-??-?? ??:??:??,??? INFO org.springframework.boot.SpringApplication [main] The following profiles are active: dev
????-??-?? ??:??:??,??? INFO org.springframework.boot.StartupInfoLogger [main] Starting TransactionServiceTest using Java 11.0.2 on DESKTOP-V463BIO with PID 968 (started by mohammad in C:\Users\mohammad\IdeaProjects\first-spring-boot)
????-??-?? ??:??:??,??? INFO org.springframework.boot.SpringApplication [main] The following profiles are active: dev
????-??-?? ??:??:??,??? INFO org.springframework.boot.StartupInfoLogger [main] Starting FirstSpringBootApplicationTests using Java 11.0.2 on DESKTOP-V463BIO with PID 11420 (started by mohammad in C:\Users\mohammad\IdeaProjects\first-spring-boot)
????-??-?? ??:??:??,??? INFO org.springframework.boot.SpringApplication [main] The following profiles are active: dev
????-??-?? ??:??:??,??? INFO org.springframework.boot.StartupInfoLogger [main] Starting AddressServiceTest using Java 11.0.2 on DESKTOP-V463BIO with PID 11420 (started by mohammad in C:\Users\mohammad\IdeaProjects\first-spring-boot)
????-??-?? ??:??:??,??? INFO org.springframework.boot.SpringApplication [main] The following profiles are active: dev
????-??-?? ??:??:??,??? INFO org.springframework.boot.StartupInfoLogger [main] Starting AddressServiceTest using Java 11.0.2 on DESKTOP-V463BIO with PID 11420 (started by mohammad in C:\Users\mohammad\IdeaProjects\first-spring-boot)
????-??-?? ??:??:??,??? INFO org.springframework.boot.SpringApplication [main] The following profiles are active: dev
????-??-?? ??:??:??,??? INFO org.springframework.boot.StartupInfoLogger [main] Starting AddressServiceTest using Java 11.0.2 on DESKTOP-V463BIO with PID 11420 (started by mohammad in C:\Users\mohammad\IdeaProjects\first-spring-boot)
????-??-?? ??:??:??,??? INFO org.springframework.boot.SpringApplication [main] The following profiles are active: dev
????-??-?? ??:??:??,??? INFO org.springframework.boot.StartupInfoLogger [main] Starting AddressServiceTest using Java 11.0.2 on DESKTOP-V463BIO with PID 11420 (started by mohammad in C:\Users\mohammad\IdeaProjects\first-spring-boot)
????-??-?? ??:??:??,??? INFO org.springframework.boot.SpringApplication [main] The following profiles are active: dev
????-??-?? ??:??:??,??? INFO org.springframework.boot.StartupInfoLogger [main] Starting AddressServiceTest using Java 11.0.2 on DESKTOP-V463BIO with PID 11420 (started by mohammad in C:\Users\mohammad\IdeaProjects\first-spring-boot)
????-??-?? ??:??:??,??? INFO org.springframework.boot.SpringApplication [main] The following profiles are active: dev
????-??-?? ??:??:??,??? INFO org.springframework.boot.StartupInfoLogger [main] Starting AddressServiceTest using Java 11.0.2 on DESKTOP-V463BIO with PID 11420 (started by mohammad in C:\Users\mohammad\IdeaProjects\first-spring-boot)
????-??-?? ??:??:??,??? INFO org.springframework.boot.SpringApplication [main] The following profiles are active: dev
????-??-?? ??:??:??,??? INFO org.springframework.boot.StartupInfoLogger [main] Starting AddressServiceTest using Java 11.0.2 on DESKTOP-V463BIO with PID 11420 (started by mohammad in C:\Users\mohammad\IdeaProjects\first-spring-boot)
????-??-?? ??:??:??,??? INFO org.springframework.boot.SpringApplication [main] The following profiles are active: dev
????-??-?? ??:??:??,??? INFO org.springframework.boot.StartupInfoLogger [main] Starting AdminServiceTest using Java 11.0.2 on DESKTOP-V463BIO with PID 11420 (started by mohammad in C:\Users\mohammad\IdeaProjects\first-spring-boot)
????-??-?? ??:??:??,??? INFO org.springframework.boot.SpringApplication [main] The following profiles are active: dev
????-??-?? ??:??:??,??? INFO org.springframework.boot.StartupInfoLogger [main] Starting AdminServiceTest using Java 11.0.2 on DESKTOP-V463BIO with PID 11420 (started by mohammad in C:\Users\mohammad\IdeaProjects\first-spring-boot)
????-??-?? ??:??:??,??? INFO org.springframework.boot.SpringApplication [main] The following profiles are active: dev
????-??-?? ??:??:??,??? INFO org.springframework.boot.StartupInfoLogger [main] Starting AdminServiceTest using Java 11.0.2 on DESKTOP-V463BIO with PID 11420 (started by mohammad in C:\Users\mohammad\IdeaProjects\first-spring-boot)
????-??-?? ??:??:??,??? INFO org.springframework.boot.SpringApplication [main] The following profiles are active: dev
????-??-?? ??:??:??,??? INFO org.springframework.boot.StartupInfoLogger [main] Starting AdminServiceTest using Java 11.0.2 on DESKTOP-V463BIO with PID 11420 (started by mohammad in C:\Users\mohammad\IdeaProjects\first-spring-boot)
????-??-?? ??:??:??,??? INFO org.springframework.boot.SpringApplication [main] The following profiles are active: dev
????-??-?? ??:??:??,??? INFO org.springframework.boot.StartupInfoLogger [main] Starting AdminServiceTest using Java 11.0.2 on DESKTOP-V463BIO with PID 11420 (started by mohammad in C:\Users\mohammad\IdeaProjects\first-spring-boot)
????-??-?? ??:??:??,??? INFO org.springframework.boot.SpringApplication [main] The following profiles are active: dev
????-??-?? ??:??:??,??? INFO org.springframework.boot.StartupInfoLogger [main] Starting AdminServiceTest using Java 11.0.2 on DESKTOP-V463BIO with PID 11420 (started by mohammad in C:\Users\mohammad\IdeaProjects\first-spring-boot)
????-??-?? ??:??:??,??? INFO org.springframework.boot.SpringApplication [main] The following profiles are active: dev
????-??-?? ??:??:??,??? INFO org.springframework.boot.StartupInfoLogger [main] Starting AdminServiceTest using Java 11.0.2 on DESKTOP-V463BIO with PID 11420 (started by mohammad in C:\Users\mohammad\IdeaProjects\first-spring-boot)
????-??-?? ??:??:??,??? INFO org.springframework.boot.SpringApplication [main] The following profiles are active: dev
????-??-?? ??:??:??,??? INFO org.springframework.boot.StartupInfoLogger [main] Starting AdminServiceTest using Java 11.0.2 on DESKTOP-V463BIO with PID 11420 (started by mohammad in C:\Users\mohammad\IdeaProjects\first-spring-boot)
????-??-?? ??:??:??,??? INFO org.springframework.boot.SpringApplication [main] The following profiles are active: dev
????-??-?? ??:??:??,??? INFO org.springframework.boot.StartupInfoLogger [main] Starting AdminServiceTest using Java 11.0.2 on DESKTOP-V463BIO with PID 11420 (started by mohammad in C:\Users\mohammad\IdeaProjects\first-spring-boot)
????-??-?? ??:??:??,??? INFO org.springframework.boot.SpringApplication [main] The following profiles are active: dev
????-??-?? ??:??:??,??? INFO org.springframework.boot.StartupInfoLogger [main] Starting AdminServiceTest using Java 11.0.2 on DESKTOP-V463BIO with PID 11420 (started by mohammad in C:\Users\mohammad\IdeaProjects\first-spring-boot)
????-??-?? ??:??:??,??? INFO org.springframework.boot.SpringApplication [main] The following profiles are active: dev
????-??-?? ??:??:??,??? INFO org.springframework.boot.StartupInfoLogger [main] Starting AdminServiceTest using Java 11.0.2 on DESKTOP-V463BIO with PID 11420 (started by mohammad in C:\Users\mohammad\IdeaProjects\first-spring-boot)
????-??-?? ??:??:??,??? INFO org.springframework.boot.SpringApplication [main] The following profiles are active: dev
????-??-?? ??:??:??,??? INFO org.springframework.boot.StartupInfoLogger [main] Starting AdminServiceTest using Java 11.0.2 on DESKTOP-V463BIO with PID 11420 (started by mohammad in C:\Users\mohammad\IdeaProjects\first-spring-boot)
????-??-?? ??:??:??,??? INFO org.springframework.boot.SpringApplication [main] The following profiles are active: dev
????-??-?? ??:??:??,??? INFO org.springframework.boot.StartupInfoLogger [main] Starting AdminServiceTest using Java 11.0.2 on DESKTOP-V463BIO with PID 11420 (started by mohammad in C:\Users\mohammad\IdeaProjects\first-spring-boot)
????-??-?? ??:??:??,??? INFO org.springframework.boot.SpringApplication [main] The following profiles are active: dev
????-??-?? ??:??:??,??? INFO org.springframework.boot.StartupInfoLogger [main] Starting AdminServiceTest using Java 11.0.2 on DESKTOP-V463BIO with PID 11420 (started by mohammad in C:\Users\mohammad\IdeaProjects\first-spring-boot)
????-??-?? ??:??:??,??? INFO org.springframework.boot.SpringApplication [main] The following profiles are active: dev
????-??-?? ??:??:??,??? INFO org.springframework.boot.StartupInfoLogger [main] Starting AdminServiceTest using Java 11.0.2 on DESKTOP-V463BIO with PID 11420 (started by mohammad in C:\Users\mohammad\IdeaProjects\first-spring-boot)
????-??-?? ??:??:??,??? INFO org.springframework.boot.SpringApplication [main] The following profiles are active: dev
????-??-?? ??:??:??,??? INFO org.springframework.boot.StartupInfoLogger [main] Starting AdminServiceTest using Java 11.0.2 on DESKTOP-V463BIO with PID 11420 (started by mohammad in C:\Users\mohammad\IdeaProjects\first-spring-boot)
????-??-?? ??:??:??,??? INFO org.springframework.boot.SpringApplication [main] The following profiles are active: dev
????-??-?? ??:??:??,??? INFO org.springframework.boot.StartupInfoLogger [main] Starting CustomerServiceImplTest using Java 11.0.2 on DESKTOP-V463BIO with PID 11420 (started by mohammad in C:\Users\mohammad\IdeaProjects\first-spring-boot)
????-??-?? ??:??:??,??? INFO org.springframework.boot.SpringApplication [main] The following profiles are active: dev
????-??-?? ??:??:??,??? INFO org.springframework.boot.StartupInfoLogger [main] Starting CustomerServiceImplTest using Java 11.0.2 on DESKTOP-V463BIO with PID 11420 (started by mohammad in C:\Users\mohammad\IdeaProjects\first-spring-boot)
????-??-?? ??:??:??,??? INFO org.springframework.boot.SpringApplication [main] The following profiles are active: dev
????-??-?? ??:??:??,??? INFO org.springframework.boot.StartupInfoLogger [main] Starting CustomerServiceImplTest using Java 11.0.2 on DESKTOP-V463BIO with PID 11420 (started by mohammad in C:\Users\mohammad\IdeaProjects\first-spring-boot)
????-??-?? ??:??:??,??? INFO org.springframework.boot.SpringApplication [main] The following profiles are active: dev
????-??-?? ??:??:??,??? INFO org.springframework.boot.StartupInfoLogger [main] Starting CustomerServiceImplTest using Java 11.0.2 on DESKTOP-V463BIO with PID 11420 (started by mohammad in C:\Users\mohammad\IdeaProjects\first-spring-boot)
????-??-?? ??:??:??,??? INFO org.springframework.boot.SpringApplication [main] The following profiles are active: dev
????-??-?? ??:??:??,??? INFO org.springframework.boot.StartupInfoLogger [main] Starting CustomerServiceImplTest using Java 11.0.2 on DESKTOP-V463BIO with PID 11420 (started by mohammad in C:\Users\mohammad\IdeaProjects\first-spring-boot)
????-??-?? ??:??:??,??? INFO org.springframework.boot.SpringApplication [main] The following profiles are active: dev
????-??-?? ??:??:??,??? INFO org.springframework.boot.StartupInfoLogger [main] Starting HomeServiceOfferServiceTest using Java 11.0.2 on DESKTOP-V463BIO with PID 11420 (started by mohammad in C:\Users\mohammad\IdeaProjects\first-spring-boot)
????-??-?? ??:??:??,??? INFO org.springframework.boot.SpringApplication [main] The following profiles are active: dev
????-??-?? ??:??:??,??? INFO org.springframework.boot.StartupInfoLogger [main] Starting HomeServiceOfferServiceTest using Java 11.0.2 on DESKTOP-V463BIO with PID 11420 (started by mohammad in C:\Users\mohammad\IdeaProjects\first-spring-boot)
????-??-?? ??:??:??,??? INFO org.springframework.boot.SpringApplication [main] The following profiles are active: dev
????-??-?? ??:??:??,??? INFO org.springframework.boot.StartupInfoLogger [main] Starting HomeServiceOfferServiceTest using Java 11.0.2 on DESKTOP-V463BIO with PID 11420 (started by mohammad in C:\Users\mohammad\IdeaProjects\first-spring-boot)
????-??-?? ??:??:??,??? INFO org.springframework.boot.SpringApplication [main] The following profiles are active: dev
????-??-?? ??:??:??,??? INFO org.springframework.boot.StartupInfoLogger [main] Starting HomeServiceOfferServiceTest using Java 11.0.2 on DESKTOP-V463BIO with PID 11420 (started by mohammad in C:\Users\mohammad\IdeaProjects\first-spring-boot)
????-??-?? ??:??:??,??? INFO org.springframework.boot.SpringApplication [main] The following profiles are active: dev
????-??-?? ??:??:??,??? INFO org.springframework.boot.StartupInfoLogger [main] Starting HomeServiceOfferServiceTest using Java 11.0.2 on DESKTOP-V463BIO with PID 11420 (started by mohammad in C:\Users\mohammad\IdeaProjects\first-spring-boot)
????-??-?? ??:??:??,??? INFO org.springframework.boot.SpringApplication [main] The following profiles are active: dev
????-??-?? ??:??:??,??? INFO org.springframework.boot.StartupInfoLogger [main] Starting HomeServiceOfferServiceTest using Java 11.0.2 on DESKTOP-V463BIO with PID 11420 (started by mohammad in C:\Users\mohammad\IdeaProjects\first-spring-boot)
????-??-?? ??:??:??,??? INFO org.springframework.boot.SpringApplication [main] The following profiles are active: dev
????-??-?? ??:??:??,??? INFO org.springframework.boot.StartupInfoLogger [main] Starting HomeServiceOrderServiceTest using Java 11.0.2 on DESKTOP-V463BIO with PID 11420 (started by mohammad in C:\Users\mohammad\IdeaProjects\first-spring-boot)
????-??-?? ??:??:??,??? INFO org.springframework.boot.SpringApplication [main] The following profiles are active: dev
????-??-?? ??:??:??,??? INFO org.springframework.boot.StartupInfoLogger [main] Starting HomeServiceOrderServiceTest using Java 11.0.2 on DESKTOP-V463BIO with PID 11420 (started by mohammad in C:\Users\mohammad\IdeaProjects\first-spring-boot)
????-??-?? ??:??:??,??? INFO org.springframework.boot.SpringApplication [main] The following profiles are active: dev
????-??-?? ??:??:??,??? INFO org.springframework.boot.StartupInfoLogger [main] Starting HomeServiceOrderServiceTest using Java 11.0.2 on DESKTOP-V463BIO with PID 11420 (started by mohammad in C:\Users\mohammad\IdeaProjects\first-spring-boot)
????-??-?? ??:??:??,??? INFO org.springframework.boot.SpringApplication [main] The following profiles are active: dev
????-??-?? ??:??:??,??? INFO org.springframework.boot.StartupInfoLogger [main] Starting HomeServiceOrderServiceTest using Java 11.0.2 on DESKTOP-V463BIO with PID 11420 (started by mohammad in C:\Users\mohammad\IdeaProjects\first-spring-boot)
????-??-?? ??:??:??,??? INFO org.springframework.boot.SpringApplication [main] The following profiles are active: dev
????-??-?? ??:??:??,??? INFO org.springframework.boot.StartupInfoLogger [main] Starting MainCategoryServiceTest using Java 11.0.2 on DESKTOP-V463BIO with PID 11420 (started by mohammad in C:\Users\mohammad\IdeaProjects\first-spring-boot)
????-??-?? ??:??:??,??? INFO org.springframework.boot.SpringApplication [main] The following profiles are active: dev
????-??-?? ??:??:??,??? INFO org.springframework.boot.StartupInfoLogger [main] Starting MainCategoryServiceTest using Java 11.0.2 on DESKTOP-V463BIO with PID 11420 (started by mohammad in C:\Users\mohammad\IdeaProjects\first-spring-boot)
????-??-?? ??:??:??,??? INFO org.springframework.boot.SpringApplication [main] The following profiles are active: dev
????-??-?? ??:??:??,??? INFO org.springframework.boot.StartupInfoLogger [main] Starting MainCategoryServiceTest using Java 11.0.2 on DESKTOP-V463BIO with PID 11420 (started by mohammad in C:\Users\mohammad\IdeaProjects\first-spring-boot)
????-??-?? ??:??:??,??? INFO org.springframework.boot.SpringApplication [main] The following profiles are active: dev
????-??-?? ??:??:??,??? INFO org.springframework.boot.StartupInfoLogger [main] Starting MainCategoryServiceTest using Java 11.0.2 on DESKTOP-V463BIO with PID 11420 (started by mohammad in C:\Users\mohammad\IdeaProjects\first-spring-boot)
????-??-?? ??:??:??,??? INFO org.springframework.boot.SpringApplication [main] The following profiles are active: dev
????-??-?? ??:??:??,??? INFO org.springframework.boot.StartupInfoLogger [main] Starting ProficientServiceTest using Java 11.0.2 on DESKTOP-V463BIO with PID 11420 (started by mohammad in C:\Users\mohammad\IdeaProjects\first-spring-boot)
????-??-?? ??:??:??,??? INFO org.springframework.boot.SpringApplication [main] The following profiles are active: dev
????-??-?? ??:??:??,??? INFO org.springframework.boot.StartupInfoLogger [main] Starting ProficientServiceTest using Java 11.0.2 on DESKTOP-V463BIO with PID 11420 (started by mohammad in C:\Users\mohammad\IdeaProjects\first-spring-boot)
????-??-?? ??:??:??,??? INFO org.springframework.boot.SpringApplication [main] The following profiles are active: dev
????-??-?? ??:??:??,??? INFO org.springframework.boot.StartupInfoLogger [main] Starting ProficientServiceTest using Java 11.0.2 on DESKTOP-V463BIO with PID 11420 (started by mohammad in C:\Users\mohammad\IdeaProjects\first-spring-boot)
????-??-?? ??:??:??,??? INFO org.springframework.boot.SpringApplication [main] The following profiles are active: dev
????-??-?? ??:??:??,??? INFO org.springframework.boot.StartupInfoLogger [main] Starting ProficientServiceTest using Java 11.0.2 on DESKTOP-V463BIO with PID 11420 (started by mohammad in C:\Users\mohammad\IdeaProjects\first-spring-boot)
????-??-?? ??:??:??,??? INFO org.springframework.boot.SpringApplication [main] The following profiles are active: dev
????-??-?? ??:??:??,??? INFO org.springframework.boot.StartupInfoLogger [main] Starting ProficientServiceTest using Java 11.0.2 on DESKTOP-V463BIO with PID 11420 (started by mohammad in C:\Users\mohammad\IdeaProjects\first-spring-boot)
????-??-?? ??:??:??,??? INFO org.springframework.boot.SpringApplication [main] The following profiles are active: dev
????-??-?? ??:??:??,??? INFO org.springframework.boot.StartupInfoLogger [main] Starting ProficientServiceTest using Java 11.0.2 on DESKTOP-V463BIO with PID 11420 (started by mohammad in C:\Users\mohammad\IdeaProjects\first-spring-boot)
????-??-?? ??:??:??,??? INFO org.springframework.boot.SpringApplication [main] The following profiles are active: dev
????-??-?? ??:??:??,??? INFO org.springframework.boot.StartupInfoLogger [main] Starting ReviewServiceTest using Java 11.0.2 on DESKTOP-V463BIO with PID 11420 (started by mohammad in C:\Users\mohammad\IdeaProjects\first-spring-boot)
????-??-?? ??:??:??,??? INFO org.springframework.boot.SpringApplication [main] The following profiles are active: dev
????-??-?? ??:??:??,??? INFO org.springframework.boot.StartupInfoLogger [main] Starting SubCategoryServiceTest using Java 11.0.2 on DESKTOP-V463BIO with PID 11420 (started by mohammad in C:\Users\mohammad\IdeaProjects\first-spring-boot)
????-??-?? ??:??:??,??? INFO org.springframework.boot.SpringApplication [main] The following profiles are active: dev
????-??-?? ??:??:??,??? INFO org.springframework.boot.StartupInfoLogger [main] Starting SubCategoryServiceTest using Java 11.0.2 on DESKTOP-V463BIO with PID 11420 (started by mohammad in C:\Users\mohammad\IdeaProjects\first-spring-boot)
????-??-?? ??:??:??,??? INFO org.springframework.boot.SpringApplication [main] The following profiles are active: dev
????-??-?? ??:??:??,??? INFO org.springframework.boot.StartupInfoLogger [main] Starting SubCategoryServiceTest using Java 11.0.2 on DESKTOP-V463BIO with PID 11420 (started by mohammad in C:\Users\mohammad\IdeaProjects\first-spring-boot)
????-??-?? ??:??:??,??? INFO org.springframework.boot.SpringApplication [main] The following profiles are active: dev
????-??-?? ??:??:??,??? INFO org.springframework.boot.StartupInfoLogger [main] Starting SubCategoryServiceTest using Java 11.0.2 on DESKTOP-V463BIO with PID 11420 (started by mohammad in C:\Users\mohammad\IdeaProjects\first-spring-boot)
????-??-?? ??:??:??,??? INFO org.springframework.boot.SpringApplication [main] The following profiles are active: dev
????-??-?? ??:??:??,??? INFO org.springframework.boot.StartupInfoLogger [main] Starting TransactionServiceTest using Java 11.0.2 on DESKTOP-V463BIO with PID 11420 (started by mohammad in C:\Users\mohammad\IdeaProjects\first-spring-boot)
????-??-?? ??:??:??,??? INFO org.springframework.boot.SpringApplication [main] The following profiles are active: dev
۲۰۲۲-۰۳-۰۱ ۲۰:۰۵:۲۲,۶۴۱ INFO org.springframework.boot.StartupInfoLogger [restartedMain] Starting FirstSpringBootApplication using Java 11.0.2 on DESKTOP-V463BIO with PID 3604 (C:\Users\mohammad\IdeaProjects\first-spring-boot\target\classes started by mohammad in C:\Users\mohammad\IdeaProjects\first-spring-boot)
۲۰۲۲-۰۳-۰۱ ۲۰:۰۵:۲۲,۶۴۱ INFO org.springframework.boot.SpringApplication [restartedMain] The following profiles are active: dev
۲۰۲۲-۰۳-۰۱ ۲۱:۰۱:۱۰,۶۳۱ INFO org.springframework.boot.StartupInfoLogger [restartedMain] Starting FirstSpringBootApplication using Java 11.0.2 on DESKTOP-V463BIO with PID 5252 (C:\Users\mohammad\IdeaProjects\first-spring-boot\target\classes started by mohammad in C:\Users\mohammad\IdeaProjects\first-spring-boot)
۲۰۲۲-۰۳-۰۱ ۲۱:۰۱:۱۰,۶۳۴ INFO org.springframework.boot.SpringApplication [restartedMain] The following profiles are active: dev
۲۰۲۲-۰۳-۰۱ ۲۱:۰۴:۱۸,۱۱۲ INFO org.springframework.boot.StartupInfoLogger [restartedMain] Starting FirstSpringBootApplication using Java 11.0.2 on DESKTOP-V463BIO with PID 13276 (C:\Users\mohammad\IdeaProjects\first-spring-boot\target\classes started by mohammad in C:\Users\mohammad\IdeaProjects\first-spring-boot)
۲۰۲۲-۰۳-۰۱ ۲۱:۰۴:۱۸,۱۱۷ INFO org.springframework.boot.SpringApplication [restartedMain] The following profiles are active: dev
۲۰۲۲-۰۳-۰۱ ۲۱:۰۶:۲۴,۲۰۳ INFO org.springframework.boot.StartupInfoLogger [restartedMain] Starting FirstSpringBootApplication using Java 11.0.2 on DESKTOP-V463BIO with PID 11036 (C:\Users\mohammad\IdeaProjects\first-spring-boot\target\classes started by mohammad in C:\Users\mohammad\IdeaProjects\first-spring-boot)
۲۰۲۲-۰۳-۰۱ ۲۱:۰۶:۲۴,۲۰۶ INFO org.springframework.boot.SpringApplication [restartedMain] The following profiles are active: dev
۲۰۲۲-۰۳-۰۱ ۲۱:۰۷:۵۲,۶۲۲ INFO org.springframework.boot.StartupInfoLogger [restartedMain] Starting FirstSpringBootApplication using Java 11.0.2 on DESKTOP-V463BIO with PID 13248 (C:\Users\mohammad\IdeaProjects\first-spring-boot\target\classes started by mohammad in C:\Users\mohammad\IdeaProjects\first-spring-boot)
۲۰۲۲-۰۳-۰۱ ۲۱:۰۷:۵۲,۶۲۶ INFO org.springframework.boot.SpringApplication [restartedMain] The following profiles are active: dev
۲۰۲۲-۰۳-۰۱ ۲۱:۱۰:۳۳,۰۳۲ INFO org.springframework.boot.StartupInfoLogger [restartedMain] Starting FirstSpringBootApplication using Java 11.0.2 on DESKTOP-V463BIO with PID 12092 (C:\Users\mohammad\IdeaProjects\first-spring-boot\target\classes started by mohammad in C:\Users\mohammad\IdeaProjects\first-spring-boot)
۲۰۲۲-۰۳-۰۱ ۲۱:۱۰:۳۳,۰۳۷ INFO org.springframework.boot.SpringApplication [restartedMain] The following profiles are active: dev
۲۰۲۲-۰۳-۰۱ ۲۱:۱۲:۱۵,۶۵۴ INFO org.springframework.boot.StartupInfoLogger [restartedMain] Starting FirstSpringBootApplication using Java 11.0.2 on DESKTOP-V463BIO with PID 10504 (C:\Users\mohammad\IdeaProjects\first-spring-boot\target\classes started by mohammad in C:\Users\mohammad\IdeaProjects\first-spring-boot)
۲۰۲۲-۰۳-۰۱ ۲۱:۱۲:۱۵,۶۵۸ INFO org.springframework.boot.SpringApplication [restartedMain] The following profiles are active: dev
۲۰۲۲-۰۳-۰۱ ۲۱:۱۳:۵۱,۹۹۹ INFO org.springframework.boot.StartupInfoLogger [restartedMain] Starting FirstSpringBootApplication using Java 11.0.2 on DESKTOP-V463BIO with PID 5808 (C:\Users\mohammad\IdeaProjects\first-spring-boot\target\classes started by mohammad in C:\Users\mohammad\IdeaProjects\first-spring-boot)
۲۰۲۲-۰۳-۰۱ ۲۱:۱۳:۵۲,۰۰۳ INFO org.springframework.boot.SpringApplication [restartedMain] The following profiles are active: dev
۲۰۲۲-۰۳-۰۱ ۲۱:۱۶:۵۳,۰۶۲ INFO org.springframework.boot.StartupInfoLogger [restartedMain] Starting FirstSpringBootApplication using Java 11.0.2 on DESKTOP-V463BIO with PID 8956 (C:\Users\mohammad\IdeaProjects\first-spring-boot\target\classes started by mohammad in C:\Users\mohammad\IdeaProjects\first-spring-boot)
۲۰۲۲-۰۳-۰۱ ۲۱:۱۶:۵۳,۰۶۶ INFO org.springframework.boot.SpringApplication [restartedMain] The following profiles are active: dev
۲۰۲۲-۰۳-۰۱ ۲۱:۱۷:۰۱,۶۰۲ INFO org.springframework.boot.StartupInfoLogger [restartedMain] Started FirstSpringBootApplication in 8.919 seconds (JVM running for 9.759)
۲۰۲۲-۰۳-۰۱ ۲۱:۲۰:۲۶,۷۷۵ INFO ir.maktab.firstspringboot.aop.LogAspect [http-nio-8080-exec-5] CustomerServiceImpl: confirmToken called
۲۰۲۲-۰۳-۰۱ ۲۱:۲۰:۲۶,۷۷۹ INFO ir.maktab.firstspringboot.aop.LogAspect [http-nio-8080-exec-5] ConfirmationTokenService: getToken called
۲۰۲۲-۰۳-۰۱ ۲۱:۲۲:۰۲,۲۳۷ INFO ir.maktab.firstspringboot.aop.LogAspect [http-nio-8080-exec-7] ProficientService: confirmToken called
۲۰۲۲-۰۳-۰۱ ۲۱:۲۲:۰۲,۲۴۰ INFO ir.maktab.firstspringboot.aop.LogAspect [http-nio-8080-exec-7] ConfirmationTokenService: getToken called
